<?xml version="1.0" encoding="UTF-8" ?>
<<<<<<< HEAD
<testsuite tests="12" failures="0" name="it.polimi.sw2019.controller.weaponeffect.RocketFistContTest" time="0.076" errors="0" skipped="0">
  <properties>
    <property name="java.runtime.name" value="Java(TM) SE Runtime Environment"/>
    <property name="sun.boot.library.path" value="D:\Programmi_D\Java\jre\bin"/>
    <property name="java.vm.version" value="25.181-b13"/>
    <property name="java.vm.vendor" value="Oracle Corporation"/>
    <property name="maven.multiModuleProjectDirectory" value="C:\Users\Luca\ing-sw-2019-Iamundo-Giacometti-Mullameti"/>
=======
<testsuite tests="12" failures="0" name="it.polimi.sw2019.controller.weaponeffect.RocketFistContTest" time="0.001" errors="0" skipped="0">
  <properties>
    <property name="java.runtime.name" value="Java(TM) SE Runtime Environment"/>
    <property name="sun.boot.library.path" value="C:\Program Files\Java\jdk1.8.0_212\jre\bin"/>
    <property name="java.vm.version" value="25.212-b10"/>
    <property name="java.vm.vendor" value="Oracle Corporation"/>
    <property name="maven.multiModuleProjectDirectory" value="C:\Users\matti\IdeaProjects\ing-sw-2019-Iamundo-Giacometti-Mullameti"/>
>>>>>>> master
    <property name="java.vendor.url" value="http://java.oracle.com/"/>
    <property name="path.separator" value=";"/>
    <property name="guice.disable.misplaced.annotation.check" value="true"/>
    <property name="java.vm.name" value="Java HotSpot(TM) 64-Bit Server VM"/>
    <property name="file.encoding.pkg" value="sun.io"/>
    <property name="user.script" value=""/>
    <property name="user.country" value="IT"/>
    <property name="sun.java.launcher" value="SUN_STANDARD"/>
    <property name="sun.os.patch.level" value=""/>
    <property name="java.vm.specification.name" value="Java Virtual Machine Specification"/>
<<<<<<< HEAD
    <property name="user.dir" value="C:\Users\Luca\ing-sw-2019-Iamundo-Giacometti-Mullameti"/>
    <property name="java.runtime.version" value="1.8.0_181-b13"/>
    <property name="java.awt.graphicsenv" value="sun.awt.Win32GraphicsEnvironment"/>
    <property name="java.endorsed.dirs" value="D:\Programmi_D\Java\jre\lib\endorsed"/>
=======
    <property name="user.dir" value="C:\Users\matti\IdeaProjects\ing-sw-2019-Iamundo-Giacometti-Mullameti"/>
    <property name="java.runtime.version" value="1.8.0_212-b10"/>
    <property name="java.awt.graphicsenv" value="sun.awt.Win32GraphicsEnvironment"/>
    <property name="java.endorsed.dirs" value="C:\Program Files\Java\jdk1.8.0_212\jre\lib\endorsed"/>
>>>>>>> master
    <property name="os.arch" value="amd64"/>
    <property name="java.io.tmpdir" value="C:\Users\Luca\AppData\Local\Temp\"/>
    <property name="line.separator" value="
"/>
    <property name="java.vm.specification.vendor" value="Oracle Corporation"/>
    <property name="user.variant" value=""/>
    <property name="os.name" value="Windows 10"/>
    <property name="classworlds.conf" value="C:\Program Files\JetBrains\IntelliJ IDEA Community Edition 2018.2.4\plugins\maven\lib\maven3\bin\m2.conf"/>
    <property name="sun.jnu.encoding" value="Cp1252"/>
<<<<<<< HEAD
    <property name="java.library.path" value="D:\Programmi_D\Java\bin;C:\WINDOWS\Sun\Java\bin;C:\WINDOWS\system32;C:\WINDOWS;C:\ProgramData\Oracle\Java\javapath;C:\Program Files\Common Files\Microsoft Shared\Windows Live;C:\Program Files (x86)\Common Files\Microsoft Shared\Windows Live;C:\WINDOWS\system32;C:\WINDOWS;C:\WINDOWS\System32\Wbem;C:\WINDOWS\System32\WindowsPowerShell\v1.0\;C:\Program Files (x86)\Windows Live\Shared;C:\Program Files\Trend Micro\AMSP;C:\Program Files\Intel\WiFi\bin\;C:\Program Files\Common Files\Intel\WirelessCommon\;C:\WINDOWS\System32\OpenSSH\;C:\Program Files\Git\cmd;C:\Users\Luca\AppData\Local\Microsoft\WindowsApps;;."/>
=======
    <property name="java.library.path" value="C:\Program Files\Java\jdk1.8.0_212\bin;C:\WINDOWS\Sun\Java\bin;C:\WINDOWS\system32;C:\WINDOWS;C:\Program Files (x86)\Common Files\Oracle\Java\javapath;C:\Windows\system32;C:\Windows;C:\Windows\System32\Wbem;C:\Windows\System32\WindowsPowerShell\v1.0\;C:\Windows\System32\OpenSSH\;C:\Program Files (x86)\NVIDIA Corporation\PhysX\Common;C:\Program Files\NVIDIA Corporation\NVIDIA NvDLISR;C:\WINDOWS\system32;C:\WINDOWS;C:\WINDOWS\System32\Wbem;C:\WINDOWS\System32\WindowsPowerShell\v1.0\;C:\WINDOWS\System32\OpenSSH\;C:\Program Files\Git\cmd;C:\Program Files\CMake\bin;C:\Program Files\Intel\WiFi\bin\;C:\Program Files\Common Files\Intel\WirelessCommon\;C:\Users\matti\AppData\Local\Microsoft\WindowsApps;;C:\Program Files\JetBrains\PyCharm 2018.3\bin;;C:\Program Files\JetBrains\IntelliJ IDEA 2018.3.5\bin;;."/>
>>>>>>> master
    <property name="java.specification.name" value="Java Platform API Specification"/>
    <property name="java.class.version" value="52.0"/>
    <property name="sun.management.compiler" value="HotSpot 64-Bit Tiered Compilers"/>
    <property name="os.version" value="10.0"/>
    <property name="user.home" value="C:\Users\Luca"/>
    <property name="user.timezone" value="Europe/Berlin"/>
    <property name="java.awt.printerjob" value="sun.awt.windows.WPrinterJob"/>
    <property name="java.specification.version" value="1.8"/>
    <property name="file.encoding" value="UTF-8"/>
    <property name="user.name" value="Luca"/>
    <property name="java.class.path" value="C:\Program Files\JetBrains\IntelliJ IDEA Community Edition 2018.2.4\plugins\maven\lib\maven3\boot\plexus-classworlds-2.5.2.jar;C:\Program Files\JetBrains\IntelliJ IDEA Community Edition 2018.2.4\lib\idea_rt.jar"/>
    <property name="java.vm.specification.version" value="1.8"/>
    <property name="sun.arch.data.model" value="64"/>
<<<<<<< HEAD
    <property name="java.home" value="D:\Programmi_D\Java\jre"/>
    <property name="sun.java.command" value="org.codehaus.classworlds.Launcher -Didea.version2019.1.1 clean install sonar:sonar"/>
=======
    <property name="java.home" value="C:\Program Files\Java\jdk1.8.0_212\jre"/>
    <property name="sun.java.command" value="org.codehaus.classworlds.Launcher -Didea.version2019.1.3 clean install sonar:sonar"/>
>>>>>>> master
    <property name="java.specification.vendor" value="Oracle Corporation"/>
    <property name="user.language" value="it"/>
    <property name="awt.toolkit" value="sun.awt.windows.WToolkit"/>
    <property name="java.vm.info" value="mixed mode"/>
<<<<<<< HEAD
    <property name="idea.version2019.1.1" value="true"/>
    <property name="java.version" value="1.8.0_181"/>
    <property name="java.ext.dirs" value="D:\Programmi_D\Java\jre\lib\ext;C:\WINDOWS\Sun\Java\lib\ext"/>
    <property name="sun.boot.class.path" value="D:\Programmi_D\Java\jre\lib\resources.jar;D:\Programmi_D\Java\jre\lib\rt.jar;D:\Programmi_D\Java\jre\lib\sunrsasign.jar;D:\Programmi_D\Java\jre\lib\jsse.jar;D:\Programmi_D\Java\jre\lib\jce.jar;D:\Programmi_D\Java\jre\lib\charsets.jar;D:\Programmi_D\Java\jre\lib\jfr.jar;D:\Programmi_D\Java\jre\classes"/>
=======
    <property name="java.version" value="1.8.0_212"/>
    <property name="java.ext.dirs" value="C:\Program Files\Java\jdk1.8.0_212\jre\lib\ext;C:\WINDOWS\Sun\Java\lib\ext"/>
    <property name="sun.boot.class.path" value="C:\Program Files\Java\jdk1.8.0_212\jre\lib\resources.jar;C:\Program Files\Java\jdk1.8.0_212\jre\lib\rt.jar;C:\Program Files\Java\jdk1.8.0_212\jre\lib\sunrsasign.jar;C:\Program Files\Java\jdk1.8.0_212\jre\lib\jsse.jar;C:\Program Files\Java\jdk1.8.0_212\jre\lib\jce.jar;C:\Program Files\Java\jdk1.8.0_212\jre\lib\charsets.jar;C:\Program Files\Java\jdk1.8.0_212\jre\lib\jfr.jar;C:\Program Files\Java\jdk1.8.0_212\jre\classes"/>
>>>>>>> master
    <property name="java.vendor" value="Oracle Corporation"/>
    <property name="maven.home" value="C:\Program Files\JetBrains\IntelliJ IDEA Community Edition 2018.2.4\plugins\maven\lib\maven3"/>
    <property name="file.separator" value="\"/>
    <property name="java.vendor.url.bug" value="http://bugreport.sun.com/bugreport/"/>
    <property name="sun.cpu.endian" value="little"/>
    <property name="sun.io.unicode.encoding" value="UnicodeLittle"/>
    <property name="sun.desktop" value="windows"/>
    <property name="sun.cpu.isalist" value="amd64"/>
  </properties>
  <testcase classname="it.polimi.sw2019.controller.weaponeffect.RocketFistContTest" name="updateTest_South_OneMove" time="0"/>
<<<<<<< HEAD
  <testcase classname="it.polimi.sw2019.controller.weaponeffect.RocketFistContTest" name="updateTest_South_TwoMove" time="0.004"/>
  <testcase classname="it.polimi.sw2019.controller.weaponeffect.RocketFistContTest" name="acquireTargetTest_East" time="0.012"/>
  <testcase classname="it.polimi.sw2019.controller.weaponeffect.RocketFistContTest" name="acquireTargetTest_West" time="0.004"/>
  <testcase classname="it.polimi.sw2019.controller.weaponeffect.RocketFistContTest" name="updateTest_West_OneMove" time="0.008"/>
  <testcase classname="it.polimi.sw2019.controller.weaponeffect.RocketFistContTest" name="updateTest_West_TwoMove" time="0.008"/>
  <testcase classname="it.polimi.sw2019.controller.weaponeffect.RocketFistContTest" name="updateTest_East_OneMove" time="0.004"/>
  <testcase classname="it.polimi.sw2019.controller.weaponeffect.RocketFistContTest" name="updateTest_East_TwoMove" time="0.004"/>
  <testcase classname="it.polimi.sw2019.controller.weaponeffect.RocketFistContTest" name="updateTest_North_OneMove" time="0.008"/>
  <testcase classname="it.polimi.sw2019.controller.weaponeffect.RocketFistContTest" name="updateTest_North_TwoMove" time="0.008"/>
  <testcase classname="it.polimi.sw2019.controller.weaponeffect.RocketFistContTest" name="acquireTargetTest_North" time="0.008"/>
  <testcase classname="it.polimi.sw2019.controller.weaponeffect.RocketFistContTest" name="acquireTargetTest_South" time="0.008"/>
=======
  <testcase classname="it.polimi.sw2019.controller.weaponeffect.RocketFistContTest" name="updateTest_South_TwoMove" time="0"/>
  <testcase classname="it.polimi.sw2019.controller.weaponeffect.RocketFistContTest" name="acquireTargetTest_East" time="0"/>
  <testcase classname="it.polimi.sw2019.controller.weaponeffect.RocketFistContTest" name="acquireTargetTest_West" time="0"/>
  <testcase classname="it.polimi.sw2019.controller.weaponeffect.RocketFistContTest" name="updateTest_West_OneMove" time="0"/>
  <testcase classname="it.polimi.sw2019.controller.weaponeffect.RocketFistContTest" name="updateTest_West_TwoMove" time="0"/>
  <testcase classname="it.polimi.sw2019.controller.weaponeffect.RocketFistContTest" name="updateTest_East_OneMove" time="0"/>
  <testcase classname="it.polimi.sw2019.controller.weaponeffect.RocketFistContTest" name="updateTest_East_TwoMove" time="0"/>
  <testcase classname="it.polimi.sw2019.controller.weaponeffect.RocketFistContTest" name="updateTest_North_OneMove" time="0"/>
  <testcase classname="it.polimi.sw2019.controller.weaponeffect.RocketFistContTest" name="updateTest_North_TwoMove" time="0"/>
  <testcase classname="it.polimi.sw2019.controller.weaponeffect.RocketFistContTest" name="acquireTargetTest_North" time="0"/>
  <testcase classname="it.polimi.sw2019.controller.weaponeffect.RocketFistContTest" name="acquireTargetTest_South" time="0.001"/>
>>>>>>> master
</testsuite>